make all --print-data-base --no-builtin-variables --no-builtin-rules --question
make: *** No rule to make target 'all'.  Stop.

# GNU Make 4.3
# Built for x86_64-pc-linux-gnu
# Copyright (C) 1988-2020 Free Software Foundation, Inc.
# License GPLv3+: GNU GPL version 3 or later <http://gnu.org/licenses/gpl.html>
# This is free software: you are free to change and redistribute it.
# There is NO WARRANTY, to the extent permitted by law.

# Make data base, printed on Tue May 24 09:37:21 2022

# Variables

# environment
GDK_BACKEND = x11
# environment
LC_ALL = C
# environment
GNOME_SHELL_SESSION_MODE = pop
# environment
SDKMAN_PLATFORM = linuxx64
# environment
SSH_AGENT_LAUNCHER = gnome-keyring
# environment
VSCODE_IPC_HOOK_EXTHOST = /run/user/1000/vscode-ipc-4de4691b-c481-4a98-9a42-6e9686d9311b.sock
# environment
MANDATORY_PATH = /usr/share/gconf/pop.mandatory.path
# environment
VSCODE_CWD = /home/cheina/Documents/liqo/network/netns
# environment
WINDOWPATH = 2
# environment
LIBVIRT_DEFAULT_URI = qemu:///system
# default
MAKE_COMMAND := make
# environment
GTK3_MODULES = xapp-gtk3-module
# environment
QT_ACCESSIBILITY = 1
# automatic
@D = $(patsubst %/,%,$(dir $@))
# environment
VSCODE_HANDLES_UNCAUGHT_ERRORS = true
# default
.VARIABLES := 
# environment
PWD = /home/cheina/Documents/liqo/network/netns
# automatic
%D = $(patsubst %/,%,$(dir $%))
# environment
LSCOLORS = Gxfxcxdxbxegedabagacad
# environment
XDG_DATA_DIRS = /usr/share/pop:/usr/share/gnome:/usr/local/share/:/usr/share/
# environment
OLDPWD = /home/cheina
# automatic
^D = $(patsubst %/,%,$(dir $^))
# environment
VSCODE_LOG_STACK = false
# automatic
%F = $(notdir $%)
# environment
VSCODE_CODE_CACHE_PATH = /home/cheina/.config/Code/CachedData/c3511e6c69bb39013c4a4b7b9566ec1ca73fc4d5
# environment
LANG = C
# environment
XAUTHORITY = /run/user/1000/gdm/Xauthority
# default
.LOADED := 
# default
.INCLUDE_DIRS = /usr/local/include /usr/include /usr/include
# environment
GNOME_TERMINAL_SERVICE = :1.124
# makefile
MAKEFLAGS = pqrR
# makefile
CURDIR := /home/cheina/Documents/liqo/network/netns
# environment
VSCODE_PIPE_LOGGING = true
# environment
APPLICATION_INSIGHTS_NO_DIAGNOSTIC_CHANNEL = 1
# automatic
*D = $(patsubst %/,%,$(dir $*))
# environment
MFLAGS = -pqrR
# environment
SSH_AUTH_SOCK = /run/user/1000/keyring/ssh
# default
.SHELLFLAGS := -c
# environment
XDG_CONFIG_DIRS = /etc/xdg/xdg-pop:/etc/xdg
# automatic
+D = $(patsubst %/,%,$(dir $+))
# environment
P9K_SSH = 0
# environment
XDG_SESSION_DESKTOP = pop
# makefile (from 'Makefile', line 1)
MAKEFILE_LIST := Makefile
# automatic
@F = $(notdir $@)
# environment
ZSH = /home/cheina/.oh-my-zsh
# environment
VSCODE_VERBOSE_LOGGING = true
# environment
VSCODE_PID = 38153
# environment
SDKMAN_DIR = /home/cheina/.sdkman
# environment
XDG_SESSION_TYPE = x11
# automatic
?D = $(patsubst %/,%,$(dir $?))
# environment
SESSION_MANAGER = local/pop-os:@/tmp/.ICE-unix/19967,unix/pop-os:/tmp/.ICE-unix/19967
# automatic
*F = $(notdir $*)
# environment
SDKMAN_VERSION = 5.13.2
# environment
CHROME_DESKTOP = code-url-handler.desktop
# environment
DBUS_SESSION_BUS_ADDRESS = unix:path=/run/user/1000/bus
# automatic
<D = $(patsubst %/,%,$(dir $<))
# environment
YSU_VERSION = 1.7.3
# environment
P9K_TTY = old
# environment
VSCODE_NLS_CONFIG = {"locale":"it","availableLanguages":{},"_languagePackSupport":true}
# default
MAKE_HOST := x86_64-pc-linux-gnu
# environment
GNOME_DESKTOP_SESSION_ID = this-is-deprecated
# makefile
SHELL = /bin/sh
# default
MAKECMDGOALS := all
# environment
XMODIFIERS = @im=ibus
# environment
SHLVL = 1
# environment
GNOME_TERMINAL_SCREEN = /org/gnome/Terminal/screen/4b047e51_01ca_44b5_9dde_628620e2b725
# environment
MAKELEVEL := 0
# default
MAKE = $(MAKE_COMMAND)
# environment
PATH = /home/cheina/.sdkman/candidates/kotlin/current/bin:/home/cheina/.local/bin:/home/cheina/.krew/bin:/home/cheina/.local/bin:/usr/local/sbin:/usr/local/bin:/usr/sbin:/usr/bin:/sbin:/bin:/usr/games:/usr/local/games:/snap/bin:/usr/local/go/bin:/home/cheina/go/bin:/opt/flutter/bin:/opt/cmdline-tools/bin:/home/cheina/.local/bin:/home/cheina/.yarn/bin
# default
MAKEFILES := 
# automatic
^F = $(notdir $^)
# environment
KUBE_EDITOR = code -w
# environment
SDKMAN_CANDIDATES_DIR = /home/cheina/.sdkman/candidates
# environment
VSCODE_LOG_NATIVE = false
# environment
USERNAME = cheina
# automatic
?F = $(notdir $?)
# environment
GTK_IM_MODULE = ibus
# environment
XDG_CURRENT_DESKTOP = Unity
# environment
LS_COLORS = bd=0;38;2;154;237;254;48;2;51;51;51:pi=0;38;2;0;0;0;48;2;87;199;255:*~=0;38;2;102;102;102:no=0:tw=0:or=0;38;2;0;0;0;48;2;255;92;87:di=0;38;2;87;199;255:so=0;38;2;0;0;0;48;2;255;106;193:ln=0;38;2;255;106;193:fi=0:ow=0:ex=1;38;2;255;92;87:st=0:cd=0;38;2;255;106;193;48;2;51;51;51:mi=0;38;2;0;0;0;48;2;255;92;87:*.t=0;38;2;90;247;142:*.r=0;38;2;90;247;142:*.m=0;38;2;90;247;142:*.o=0;38;2;102;102;102:*.p=0;38;2;90;247;142:*.h=0;38;2;90;247;142:*.a=1;38;2;255;92;87:*.d=0;38;2;90;247;142:*.c=0;38;2;90;247;142:*.z=4;38;2;154;237;254:*.so=1;38;2;255;92;87:*.gv=0;38;2;90;247;142:*.xz=4;38;2;154;237;254:*.ts=0;38;2;90;247;142:*.ps=0;38;2;255;92;87:*.bc=0;38;2;102;102;102:*.7z=4;38;2;154;237;254:*.vb=0;38;2;90;247;142:*.jl=0;38;2;90;247;142:*.cc=0;38;2;90;247;142:*.la=0;38;2;102;102;102:*css=0;38;2;90;247;142:*.js=0;38;2;90;247;142:*.pp=0;38;2;90;247;142:*.sh=0;38;2;90;247;142:*.rb=0;38;2;90;247;142:*.ui=0;38;2;243;249;157:*.el=0;38;2;90;247;142:*.ex=0;38;2;90;247;142:*.fs=0;38;2;90;247;142:*.go=0;38;2;90;247;142:*.hi=0;38;2;102;102;102:*.pm=0;38;2;90;247;142:*.nb=0;38;2;90;247;142:*.bz=4;38;2;154;237;254:*.td=0;38;2;90;247;142:*.rm=0;38;2;255;180;223:*.cp=0;38;2;90;247;142:*.rs=0;38;2;90;247;142:*.ml=0;38;2;90;247;142:*.mn=0;38;2;90;247;142:*.gz=4;38;2;154;237;254:*.di=0;38;2;90;247;142:*.cs=0;38;2;90;247;142:*.pl=0;38;2;90;247;142:*.lo=0;38;2;102;102;102:*.as=0;38;2;90;247;142:*.hh=0;38;2;90;247;142:*.cr=0;38;2;90;247;142:*.md=0;38;2;243;249;157:*.hs=0;38;2;90;247;142:*.kt=0;38;2;90;247;142:*.ll=0;38;2;90;247;142:*.ko=1;38;2;255;92;87:*.py=0;38;2;90;247;142:*.tcl=0;38;2;90;247;142:*.kts=0;38;2;90;247;142:*.epp=0;38;2;90;247;142:*.hxx=0;38;2;90;247;142:*.xml=0;38;2;243;249;157:*.aif=0;38;2;255;180;223:*.wma=0;38;2;255;180;223:*.sxi=0;38;2;255;92;87:*.fsx=0;38;2;90;247;142:*.htc=0;38;2;90;247;142:*.pas=0;38;2;90;247;142:*.dox=0;38;2;165;255;195:*.c++=0;38;2;90;247;142:*.ps1=0;38;2;90;247;142:*.pyc=0;38;2;102;102;102:*.bcf=0;38;2;102;102;102:*.vob=0;38;2;255;180;223:*.m4v=0;38;2;255;180;223:*.ogg=0;38;2;255;180;223:*.tml=0;38;2;243;249;157:*.apk=4;38;2;154;237;254:*.arj=4;38;2;154;237;254:*.tmp=0;38;2;102;102;102:*.m4a=0;38;2;255;180;223:*.aux=0;38;2;102;102;102:*.ini=0;38;2;243;249;157:*.flv=0;38;2;255;180;223:*.tif=0;38;2;255;180;223:*.pod=0;38;2;90;247;142:*.rtf=0;38;2;255;92;87:*.tgz=4;38;2;154;237;254:*.vim=0;38;2;90;247;142:*.svg=0;38;2;255;180;223:*.gvy=0;38;2;90;247;142:*.xmp=0;38;2;243;249;157:*.mkv=0;38;2;255;180;223:*.avi=0;38;2;255;180;223:*.deb=4;38;2;154;237;254:*.cxx=0;38;2;90;247;142:*.mir=0;38;2;90;247;142:*.xlr=0;38;2;255;92;87:*.pkg=4;38;2;154;237;254:*.eps=0;38;2;255;180;223:*.mp4=0;38;2;255;180;223:*.elm=0;38;2;90;247;142:*.ilg=0;38;2;102;102;102:*.dpr=0;38;2;90;247;142:*.bib=0;38;2;243;249;157:*.erl=0;38;2;90;247;142:*.exs=0;38;2;90;247;142:*.hpp=0;38;2;90;247;142:*.log=0;38;2;102;102;102:*.bag=4;38;2;154;237;254:*.h++=0;38;2;90;247;142:*.ttf=0;38;2;255;180;223:*.tar=4;38;2;154;237;254:*.inl=0;38;2;90;247;142:*.mli=0;38;2;90;247;142:*.png=0;38;2;255;180;223:*.inc=0;38;2;90;247;142:*.tex=0;38;2;90;247;142:*.rar=4;38;2;154;237;254:*.swp=0;38;2;102;102;102:*.yml=0;38;2;243;249;157:*.bz2=4;38;2;154;237;254:*.swf=0;38;2;255;180;223:*.sxw=0;38;2;255;92;87:*.xcf=0;38;2;255;180;223:*.git=0;38;2;102;102;102:*.asa=0;38;2;90;247;142:*.ico=0;38;2;255;180;223:*.sbt=0;38;2;90;247;142:*.psd=0;38;2;255;180;223:*.gif=0;38;2;255;180;223:*.bak=0;38;2;102;102;102:*.pid=0;38;2;102;102;102:*.txt=0;38;2;243;249;157:*.pbm=0;38;2;255;180;223:*.cgi=0;38;2;90;247;142:*.ind=0;38;2;102;102;102:*.ltx=0;38;2;90;247;142:*.xls=0;38;2;255;92;87:*.zsh=0;38;2;90;247;142:*.jpg=0;38;2;255;180;223:*.lua=0;38;2;90;247;142:*.csv=0;38;2;243;249;157:*.tbz=4;38;2;154;237;254:*TODO=1:*.bsh=0;38;2;90;247;142:*.out=0;38;2;102;102;102:*.fsi=0;38;2;90;247;142:*.img=4;38;2;154;237;254:*.mov=0;38;2;255;180;223:*hgrc=0;38;2;165;255;195:*.dot=0;38;2;90;247;142:*.ppt=0;38;2;255;92;87:*.zst=4;38;2;154;237;254:*.wmv=0;38;2;255;180;223:*.ipp=0;38;2;90;247;142:*.bst=0;38;2;243;249;157:*.ods=0;38;2;255;92;87:*.mp3=0;38;2;255;180;223:*.bbl=0;38;2;102;102;102:*.dll=1;38;2;255;92;87:*.pdf=0;38;2;255;92;87:*.bat=1;38;2;255;92;87:*.blg=0;38;2;102;102;102:*.pps=0;38;2;255;92;87:*.cfg=0;38;2;243;249;157:*.bin=4;38;2;154;237;254:*.nix=0;38;2;243;249;157:*.idx=0;38;2;102;102;102:*.ppm=0;38;2;255;180;223:*.kex=0;38;2;255;92;87:*.sty=0;38;2;102;102;102:*.tsx=0;38;2;90;247;142:*.mpg=0;38;2;255;180;223:*.csx=0;38;2;90;247;142:*.php=0;38;2;90;247;142:*.doc=0;38;2;255;92;87:*.jar=4;38;2;154;237;254:*.htm=0;38;2;243;249;157:*.otf=0;38;2;255;180;223:*.cpp=0;38;2;90;247;142:*.bmp=0;38;2;255;180;223:*.zip=4;38;2;154;237;254:*.ics=0;38;2;255;92;87:*.wav=0;38;2;255;180;223:*.vcd=4;38;2;154;237;254:*.rst=0;38;2;243;249;157:*.sql=0;38;2;90;247;142:*.odp=0;38;2;255;92;87:*.dmg=4;38;2;154;237;254:*.pro=0;38;2;165;255;195:*.rpm=4;38;2;154;237;254:*.pgm=0;38;2;255;180;223:*.fnt=0;38;2;255;180;223:*.iso=4;38;2;154;237;254:*.exe=1;38;2;255;92;87:*.mid=0;38;2;255;180;223:*.awk=0;38;2;90;247;142:*.toc=0;38;2;102;102;102:*.fls=0;38;2;102;102;102:*.clj=0;38;2;90;247;142:*.fon=0;38;2;255;180;223:*.odt=0;38;2;255;92;87:*.com=1;38;2;255;92;87:*.def=0;38;2;90;247;142:*.bash=0;38;2;90;247;142:*.docx=0;38;2;255;92;87:*.epub=0;38;2;255;92;87:*.pptx=0;38;2;255;92;87:*.psm1=0;38;2;90;247;142:*.purs=0;38;2;90;247;142:*.json=0;38;2;243;249;157:*.mpeg=0;38;2;255;180;223:*.lock=0;38;2;102;102;102:*.diff=0;38;2;90;247;142:*.tbz2=4;38;2;154;237;254:*.java=0;38;2;90;247;142:*.psd1=0;38;2;90;247;142:*.toml=0;38;2;243;249;157:*.xlsx=0;38;2;255;92;87:*.conf=0;38;2;243;249;157:*.rlib=0;38;2;102;102;102:*.orig=0;38;2;102;102;102:*.dart=0;38;2;90;247;142:*.tiff=0;38;2;255;180;223:*.flac=0;38;2;255;180;223:*.jpeg=0;38;2;255;180;223:*.h264=0;38;2;255;180;223:*.less=0;38;2;90;247;142:*.lisp=0;38;2;90;247;142:*.html=0;38;2;243;249;157:*.hgrc=0;38;2;165;255;195:*.yaml=0;38;2;243;249;157:*.fish=0;38;2;90;247;142:*.make=0;38;2;165;255;195:*.cache=0;38;2;102;102;102:*.ipynb=0;38;2;90;247;142:*.toast=4;38;2;154;237;254:*.dyn_o=0;38;2;102;102;102:*.class=0;38;2;102;102;102:*passwd=0;38;2;243;249;157:*.swift=0;38;2;90;247;142:*.cabal=0;38;2;90;247;142:*.xhtml=0;38;2;243;249;157:*.shtml=0;38;2;243;249;157:*.mdown=0;38;2;243;249;157:*README=0;38;2;40;42;54;48;2;243;249;157:*.patch=0;38;2;90;247;142:*.scala=0;38;2;90;247;142:*.cmake=0;38;2;165;255;195:*shadow=0;38;2;243;249;157:*LICENSE=0;38;2;153;153;153:*.flake8=0;38;2;165;255;195:*TODO.md=1:*.groovy=0;38;2;90;247;142:*.matlab=0;38;2;90;247;142:*.config=0;38;2;243;249;157:*INSTALL=0;38;2;40;42;54;48;2;243;249;157:*.ignore=0;38;2;165;255;195:*.gradle=0;38;2;90;247;142:*.dyn_hi=0;38;2;102;102;102:*COPYING=0;38;2;153;153;153:*TODO.txt=1:*Doxyfile=0;38;2;165;255;195:*.gemspec=0;38;2;165;255;195:*setup.py=0;38;2;165;255;195:*Makefile=0;38;2;165;255;195:*.desktop=0;38;2;243;249;157:*.rgignore=0;38;2;165;255;195:*.kdevelop=0;38;2;165;255;195:*README.md=0;38;2;40;42;54;48;2;243;249;157:*COPYRIGHT=0;38;2;153;153;153:*.DS_Store=0;38;2;102;102;102:*configure=0;38;2;165;255;195:*.cmake.in=0;38;2;165;255;195:*.fdignore=0;38;2;165;255;195:*.markdown=0;38;2;243;249;157:*SConstruct=0;38;2;165;255;195:*.scons_opt=0;38;2;102;102;102:*CODEOWNERS=0;38;2;165;255;195:*.gitconfig=0;38;2;165;255;195:*README.txt=0;38;2;40;42;54;48;2;243;249;157:*.gitignore=0;38;2;165;255;195:*.localized=0;38;2;102;102;102:*INSTALL.md=0;38;2;40;42;54;48;2;243;249;157:*SConscript=0;38;2;165;255;195:*Dockerfile=0;38;2;243;249;157:*LICENSE-MIT=0;38;2;153;153;153:*Makefile.am=0;38;2;165;255;195:*MANIFEST.in=0;38;2;165;255;195:*.travis.yml=0;38;2;90;247;142:*INSTALL.txt=0;38;2;40;42;54;48;2;243;249;157:*.gitmodules=0;38;2;165;255;195:*.synctex.gz=0;38;2;102;102;102:*Makefile.in=0;38;2;102;102;102:*CONTRIBUTORS=0;38;2;40;42;54;48;2;243;249;157:*appveyor.yml=0;38;2;90;247;142:*configure.ac=0;38;2;165;255;195:*.fdb_latexmk=0;38;2;102;102;102:*.applescript=0;38;2;90;247;142:*.clang-format=0;38;2;165;255;195:*LICENSE-APACHE=0;38;2;153;153;153:*.gitattributes=0;38;2;165;255;195:*CMakeLists.txt=0;38;2;165;255;195:*CMakeCache.txt=0;38;2;102;102;102:*CONTRIBUTORS.md=0;38;2;40;42;54;48;2;243;249;157:*CONTRIBUTORS.txt=0;38;2;40;42;54;48;2;243;249;157:*.sconsign.dblite=0;38;2;102;102;102:*requirements.txt=0;38;2;165;255;195:*package-lock.json=0;38;2;102;102;102:*.CFUserTextEncoding=0;38;2;102;102;102:ow=1;34:tw=1;34:
# automatic
+F = $(notdir $+)
# environment
LESS = -R
# environment
DESKTOP_SESSION = pop
# environment
ORIGINAL_XDG_CURRENT_DESKTOP = pop:GNOME
# 'override' directive
GNUMAKEFLAGS := 
# environment
LOGNAME = cheina
# makefile
.DEFAULT_GOAL := run
# environment
SYSTEMD_EXEC_PID = 20425
# environment
EDITOR = micro
# environment
DISPLAY = :1
# environment
USER = cheina
# environment
GTK_MODULES = gail:atk-bridge:appmenu-gtk-module
# environment
DEFAULTS_PATH = /usr/share/gconf/pop.default.path
# default
MAKE_VERSION := 4.3
# environment
PAGER = most
# environment
_ = /usr/bin/code
# environment
XDG_RUNTIME_DIR = /run/user/1000
# environment
GPG_AGENT_INFO = /run/user/1000/gnupg/S.gpg-agent:0:1
# environment
COLORTERM = truecolor
# environment
VISUAL = micro
# environment
XDG_SESSION_CLASS = user
# environment
VSCODE_AMD_ENTRYPOINT = vs/workbench/api/node/extensionHostProcess
# environment
KUBEVIRT_CLIENT_GO_SCHEME_REGISTRATION_VERSION = v1alpha3
# environment
SDKMAN_CANDIDATES_API = https://api.sdkman.io/2
# environment
HOME = /home/cheina
# environment
QT_IM_MODULE = ibus
# environment
ELECTRON_RUN_AS_NODE = 1
# environment
VSCODE_IPC_HOOK = /run/user/1000/vscode-7748d4ee-1.67.2-main.sock
# environment
TERM = xterm-256color
# default
.RECIPEPREFIX := 
# automatic
<F = $(notdir $<)
# default
SUFFIXES := 
# environment
_P9K_TTY = /dev/pts/0
# environment
VSCODE_CLI = 1
# environment
ELECTRON_NO_ATTACH_CONSOLE = 1
# environment
VTE_VERSION = 6800
# environment
KOTLIN_HOME = /home/cheina/.sdkman/candidates/kotlin/current
# environment
NOTI_DEFAULT = telegram
# default
.FEATURES := target-specific order-only second-expansion else-if shortest-stem undefine oneshell nocomment grouped-target extra-prereqs archives jobserver output-sync check-symlink load
# environment
XDG_MENU_PREFIX = gnome-
# environment
GDMSESSION = pop
# variable set hash-table stats:
# Load=120/1024=12%, Rehash=0, Collisions=14/150=9%

# Pattern-specific Variable Values

# No pattern-specific variable values.

# Directories

# . (device 66310, inode 2234476): 15 files, no impossibilities.

# 15 files, no impossibilities in 1 directories.

# Implicit Rules

# No implicit rules.

# Files

# Not a target:
clean.sh:
#  Implicit rule search has not been done.
#  Modification time never checked.
#  File has not been updated.

# Not a target:
aliases.sh:
#  Implicit rule search has not been done.
#  Modification time never checked.
#  File has not been updated.

# Not a target:
Makefile:
#  Implicit rule search has been done.
 
#  Last modified 2022-05-13 09:31:39.657168581
#  File has been updated.
#  Successfully updated.

# Not a target:
init.sh:
#  Implicit rule search has not been done.
#  Modification time never checked.
#  File has not been updated.

# Not a target:
.DEFAULT:
#  Implicit rule search has not been done.
#  Modification time never checked.
#  File has not been updated.

# Not a target:
all:
#  Command line target.
#  Implicit rule search has been done.
#  File does not exist.
#  File has not been updated.

run: aliases.sh clean.sh init.sh
#  Implicit rule search has not been done.
#  Modification time never checked.
#  File has not been updated.
#  recipe to execute (from 'Makefile', line 2):
	./clean.sh ; ./init.sh

# files hash-table stats:
# Load=8/1024=1%, Rehash=0, Collisions=0/21=0%
# VPATH Search Paths

# No 'vpath' search paths.

# No general ('VPATH' variable) search path.

# strcache buffers: 1 (0) / strings = 21 / storage = 169 B / avg = 8 B
# current buf: size = 8162 B / used = 169 B / count = 21 / avg = 8 B

# strcache performance: lookups = 29 / hit rate = 27%
# hash-table stats:
# Load=21/8192=0%, Rehash=0, Collisions=0/29=0%
# Finished Make data base on Tue May 24 09:37:21 2022

 
